============================================================
   Tang Dynasty, V4.6.18154
   Copyright:   Shanghai Anlogic Infotech Co., Ltd.
                2011 - 2021
   Executable = C:/Anlogic/TD4.6.4/bin/td.exe
   Built at =   16:39:36 Mar 27 2020
   Run by =     MxD
   Run Date =   Thu Dec  1 19:27:37 2022

   Run on =     DESKTOP-6NPNTAP
============================================================
RUN-1002 : start command "open_project synthesizer.al"
HDL-1007 : analyze verilog file top.v
HDL-1007 : analyze verilog file osc.v
HDL-1007 : analyze verilog file dfilter.v
RUN-1002 : start command "import_device eagle_s20.db -package BG256"
ARC-1001 : Device Initialization.
ARC-1001 : ------------------------------------------------------------------
ARC-1001 :            OPTION            |          IO          |   SETTING   
ARC-1001 : ------------------------------------------------------------------
ARC-1001 :   cso_b/cclk/mosi/miso/dout  |  T3/R11/T10/P10/S11  |    gpio    
ARC-1001 :             done             |         P13          |    gpio    
ARC-1001 :           program_b          |          T2          |  dedicated  
ARC-1001 :        tdi/tms/tck/tdo       |   C12/A15/C14/E14    |  dedicated  
ARC-1001 : ------------------------------------------------------------------
ARC-1004 : Device setting, marked 5 dedicate IOs in total.
RUN-1002 : start command "import_db synthesizer_pr.db"
RUN-1001 : Importing database generated by Tang Dynasty, V4.6.18154.
RUN-1001 : Database version number 46116.
RUN-1001 : Import IO constraints
RUN-1001 : Import Inst constraints
RUN-1001 : Import flow parameters
RUN-1002 : start command "download -bit synthesizer.bit -mode jtag -spd 6 -sec 64 -cable 0"
PRG-2014 : Chip validation success: EAGLE_S20_BG256
RUN-1002 : start command "bit_to_vec -chip EAGLE_S20_BG256 -m jtag -bit synthesizer.bit"
PRG-3000 : BIT2VEC::JtagBitstream: completed! line_num = 1334, frame_num = 1259
RUN-1003 : finish command "bit_to_vec -chip EAGLE_S20_BG256 -m jtag -bit synthesizer.bit" in  1.131302s wall, 1.140625s user + 0.015625s system = 1.156250s CPU (102.2%)

RUN-1004 : used memory is 307 MB, reserved memory is 282 MB, peak memory is 308 MB
RUN-1002 : start command "program -cable 0 -spd 6 -p"
PRG-9500 ERROR: USB Error: read data failed

RUN-1003 : finish command "download -bit synthesizer.bit -mode jtag -spd 6 -sec 64 -cable 0" in  2.117846s wall, 1.156250s user + 0.031250s system = 1.187500s CPU (56.1%)

RUN-1004 : used memory is 307 MB, reserved memory is 282 MB, peak memory is 312 MB
GUI-8702 ERROR: Download failed!
RUN-1002 : start command "download -bit synthesizer.bit -mode jtag -spd 6 -sec 64 -cable 0"
