============================================================
   Tang Dynasty, V4.6.18154
   Copyright:   Shanghai Anlogic Infotech Co., Ltd.
                2011 - 2021
   Executable = C:/Anlogic/TD4.6.4/bin/td.exe
   Built at =   16:39:36 Mar 27 2020
   Run by =     MxD
   Run Date =   Mon Mar 28 10:50:19 2022

   Run on =     DESKTOP-6NPNTAP
============================================================
RUN-1002 : start command "import_device eagle_s20.db -package BG256"
ARC-1001 : Device Initialization.
ARC-1001 : ------------------------------------------------------------------
ARC-1001 :            OPTION            |          IO          |   SETTING   
ARC-1001 : ------------------------------------------------------------------
ARC-1001 :   cso_b/cclk/mosi/miso/dout  |  T3/R11/T10/P10/S11  |    gpio    
ARC-1001 :             done             |         P13          |    gpio    
ARC-1001 :           program_b          |          T2          |  dedicated  
ARC-1001 :        tdi/tms/tck/tdo       |   C12/A15/C14/E14    |  dedicated  
ARC-1001 : ------------------------------------------------------------------
ARC-1004 : Device setting, marked 5 dedicate IOs in total.
HDL-1007 : analyze verilog file top.v
HDL-1007 : analyze verilog file osc.v
HDL-1007 : analyze verilog file C:/Users/MxD/synthesizer/osc.v
HDL-8007 ERROR: syntax error near ')' in C:/Users/MxD/synthesizer/osc.v(3)
HDL-1007 : Verilog file 'C:/Users/MxD/synthesizer/osc.v' ignored due to errors
HDL-1007 : analyze verilog file C:/Users/MxD/synthesizer/osc.v
HDL-5007 WARNING: assignment to input 'cap' in C:/Users/MxD/synthesizer/osc.v(8)
HDL-1007 : analyze verilog file C:/Users/MxD/synthesizer/osc.v
HDL-5007 WARNING: assignment to input 'cap' in C:/Users/MxD/synthesizer/osc.v(8)
HDL-1007 : analyze verilog file C:/Users/MxD/synthesizer/top.v
HDL-1007 : analyze verilog file top.v
HDL-1007 : analyze verilog file osc.v
HDL-5007 WARNING: assignment to input 'cap' in osc.v(8)
RUN-1002 : start command "elaborate -top top"
HDL-1007 : elaborate module top in C:/Users/MxD/synthesizer/top.v(1)
HDL-1007 : elaborate module osc in osc.v(1)
HDL-5007 WARNING: net 'cap' is already driven by input port 'cap' in osc.v(8)
HDL-1007 : driving port 'cap' is declared here in osc.v(2)
HDL-1200 : Current top model is top
HDL-1100 : Inferred 0 RAMs.
GUI-5001 WARNING: Found no ADC files
RUN-1002 : start command "optimize_rtl"
RUN-1001 : Open license file C:/Anlogic/TD4.6.4/license/Anlogic.lic
SYN-1012 : SanityCheck: Model "top"
SYN-1012 : SanityCheck: Model "osc"
SYN-8105 ERROR: Multi-driven net: model "osc" / net "cap" in osc.v(2)
SYN-8106 ERROR: the net's in pin: pin "O" in osc.v(8)
SYN-8106 ERROR: the net's in pin: pin "cap" in osc.v(2)
HDL-1007 : analyze verilog file top.v
HDL-1007 : analyze verilog file osc.v
HDL-1007 : analyze verilog file top.v
HDL-1007 : analyze verilog file osc.v
RUN-1002 : start command "elaborate -top top"
HDL-1007 : elaborate module top in C:/Users/MxD/synthesizer/top.v(1)
HDL-1007 : elaborate module osc in osc.v(1)
HDL-1200 : Current top model is top
HDL-1100 : Inferred 0 RAMs.
GUI-5001 WARNING: Found no ADC files
RUN-1002 : start command "optimize_rtl"
RUN-1001 : Open license file C:/Anlogic/TD4.6.4/license/Anlogic.lic
SYN-1012 : SanityCheck: Model "top"
SYN-1012 : SanityCheck: Model "osc"
SYN-1011 : Flatten model top
SYN-1011 : Flatten model osc
SYN-1014 : Optimize round 1
SYN-1032 : 2/0 useful/useless nets, 1/0 useful/useless insts
SYN-1019 : Optimized 0 mux instances.
SYN-1015 : Optimize round 1, 0 better
RUN-1002 : start command "report_area -file synthesizer_rtl.area"
RUN-1001 : standard
***Report Model: top***

IO Statistics
#IO                     3
  #input                1
  #output               1
  #inout                1

Gate Statistics
#Basic gates            1
  #and                  0
  #nand                 0
  #or                   0
  #nor                  0
  #xor                  0
  #xnor                 0
  #buf                  0
  #not                  1
  #bufif1               0
  #MX21                 0
  #FADD                 0
  #DFF                  0
  #LATCH                0

RUN-1001 : 
Report Hierarchy Area:
+-----------------------------------------+
|Instance |Module |gates  |seq    |macros |
+-----------------------------------------+
|top      |top    |1      |0      |0      |
+-----------------------------------------+

RUN-1002 : start command "export_db synthesizer_rtl.db"
RUN-1001 : Exported /
RUN-1001 : Exported libs
RUN-1001 : Exported entities
RUN-1001 : Exported ports
RUN-1001 : Exported pins
RUN-1001 : Exported instances
RUN-1001 : Exported nets
RUN-1001 : Exported buses
RUN-1001 : Exported models
RUN-1001 : Exported congestions
RUN-1001 : Exported violations
RUN-1001 : Exported IO constraints
RUN-1001 : Exported Inst constraints
RUN-1001 : Exported flow parameters
RUN-1002 : start command "optimize_gate -packarea synthesizer_gate.area"
RUN-1001 : Open license file C:/Anlogic/TD4.6.4/license/Anlogic.lic
SYN-2001 : Map 3 IOs to PADs
SYN-2501 : Processed 0 LOGIC_BUF instances.
SYN-2571 : Optimize after map_dsp, round 1
SYN-1032 : 5/2 useful/useless nets, 5/2 useful/useless insts
SYN-2571 : Optimize after map_dsp, round 1, 0 better
SYN-2501 : Optimize round 1
SYN-1032 : 5/2 useful/useless nets, 5/2 useful/useless insts
SYN-2501 : Optimize round 1, 0 better
SYN-1032 : 5/2 useful/useless nets, 5/2 useful/useless insts
SYN-3001 : Running gate level optimization.
SYN-2581 : Mapping with K=0, #lut = 0 (0.00), #lev = 0 (0.00)
SYN-2551 : Post LUT mapping optimization.
SYN-3001 : Logic optimization runtime opt =   0.00 sec, map =   0.00 sec
SYN-3001 : Mapper mapped 1 instances into 1 LUTs, name keeping = 100%.
SYN-1001 : Packing model "top" ...
SYN-4010 : Pack lib has 42 rtl pack models with 15 top pack blocks
SYN-1014 : Optimize round 1
SYN-1032 : 5/0 useful/useless nets, 5/0 useful/useless insts
SYN-1015 : Optimize round 1, 0 better
SYN-4002 : Packing 0 DFF/LATCH to SEQ ...
SYN-4009 : Pack 0 carry chain into lslice
SYN-4007 : Packing 0 adder to BLE ...
SYN-4008 : Packed 0 adder and 0 SEQ to BLE.
SYN-4007 : Packing 0 gate4 to BLE ...
SYN-4008 : Packed 0 gate4 and 0 SEQ to BLE.
SYN-4012 : Packed 0 FxMUX
SYN-4007 : Packing 0 MUX to BLE ...
SYN-4008 : Packed 0 MUX and 0 SEQ to BLE.
SYN-4007 : Packing 1 LUT to BLE ...
SYN-4008 : Packed 1 LUT and 0 SEQ to BLE.
SYN-4003 : Packing 0 remaining SEQ's ...
SYN-4004 : #0: Packed 0 SEQ (0 nodes)...
SYN-4005 : Packed 0 SEQ with LUT/SLICE
SYN-4006 : 1 single LUT's are left
SYN-4006 : 0 single SEQ's are left
SYN-4011 : Packing model "top" (AL_USER_NORMAL) with 1/5 primitive instances ...
RUN-1002 : start command "report_area -file synthesizer_gate.area"
RUN-1001 : standard
***Report Model: top***

IO Statistics
#IO                     3
  #input                1
  #output               1
  #inout                1

Utilization Statistics
#lut                    1   out of  19600    0.01%
#reg                    0   out of  19600    0.00%
#le                     1
  #lut only             1   out of      1  100.00%
  #reg only             0   out of      1    0.00%
  #lut&reg              0   out of      1    0.00%
#dsp                    0   out of     29    0.00%
#bram                   0   out of     64    0.00%
  #bram9k               0
  #fifo9k               0
#bram32k                0   out of     16    0.00%
#pad                    3   out of    188    1.60%
  #ireg                 0
  #oreg                 0
  #treg                 0
#pll                    0   out of      4    0.00%

RUN-1001 : 
Report Hierarchy Area:
+--------------------------------------+
|Instance |Module |le    |lut   |seq   |
+--------------------------------------+
|top      |top    |1     |1     |0     |
+--------------------------------------+

RUN-1002 : start command "legalize_phy_inst"
SYN-1011 : Flatten model top
RUN-1002 : start command "export_db synthesizer_gate.db"
RUN-1001 : Exported /
RUN-1001 : Exported libs
RUN-1001 : Exported entities
RUN-1001 : Exported ports
RUN-1001 : Exported pins
RUN-1001 : Exported instances
RUN-1001 : Exported nets
RUN-1001 : Exported buses
RUN-1001 : Exported models
RUN-1001 : Exported congestions
RUN-1001 : Exported violations
RUN-1001 : Exported IO constraints
RUN-1001 : Exported Inst constraints
RUN-1001 : Exported flow parameters
RUN-1002 : start command "place"
RUN-1001 : Open license file C:/Anlogic/TD4.6.4/license/Anlogic.lic
PHY-3001 : Placer runs in 12 thread(s).
SYN-4026 : Tagged 0 rtl::Net as clock net
PHY-1001 : Populate physical database.
RUN-1001 : There are total 5 instances
RUN-1001 : 0 mslices, 1 lslices, 3 pads, 0 brams, 0 dsps
RUN-1001 : There are total 5 nets
RUN-1001 : 4 nets have 2 pins
RUN-1001 : 1 nets have [3 - 5] pins
PHY-3001 : Initial placement ...
PHY-3001 : design contains 5 instances, 1 slices, 0 macros(0 instances)
PHY-3001 : Start timing update ...
RUN-1002 : start command "start_timer"
TMR-5001 WARNING: No sdc constraints found while initiating timer.
TMR-2505 : Start building timing graph for model top.
TMR-2506 : Build timing graph completely. Port num: 3, tpin num: 11, tnet num: 5, tinst num: 5, tnode num: 13, tedge num: 10.
TMR-2507 : Eliminate loop in the timing graph, delete 0 tedges.
TMR-2508 : Levelizing timing graph completed, there are 7 levels in total.
TMR-2501 : Timing graph initialized successfully.
TMR-2503 : Start to update net delay, extr mode = 2.
TMR-2504 : Update delay of 5 nets completely.
TMR-2502 : Annotate delay completely, extr mode = 2.
TMR-3002 : No user constraint, initiate default constraint.
TMR-1501 : Assign derive clock DeriveClock to 0 clock pins, and constraint 0 relative nodes.
TMR-3005 : Start mapping report constraints, there are 0 constraints in total.
TMR-3003 : Constraints initiated successfully.
TMR-3501 : Forward propagation: start to calculate arrival time...
TMR-3502 : Backward propagation: start to calculate required time...
TMR-3503 : Timing propagation completes.
PHY-3001 : End timing update;  0.003230s wall, 0.000000s user + 0.000000s system = 0.000000s CPU (n/a%)

PHY-3001 : Global placement ...
PHY-3001 : Initial: Len = 597.4
PHY-3001 : Run with size of 4
PHY-3001 : Cell area utilization is 0%, beta_incr = 0.999939
PHY-3001 : :::0::: Try harder cell spreading with beta_ = 0
PHY-3002 : Step(1): len = 602.8, overlap = 0
PHY-3002 : Step(2): len = 605.5, overlap = 0
PHY-3002 : Step(3): len = 605.9, overlap = 0
PHY-3002 : Step(4): len = 597.4, overlap = 0
PHY-3002 : Step(5): len = 597.4, overlap = 0
PHY-3002 : Step(6): len = 597.4, overlap = 0
PHY-3001 : Legalization ...
PHY-3001 : End legalization;  0.002957s wall, 0.000000s user + 0.000000s system = 0.000000s CPU (n/a%)

PHY-3001 : Run with size of 4
PHY-3001 : Cell area utilization is 0%, beta_incr = 0.999939
PHY-3001 : :::0::: Try harder cell spreading with beta_ = 0
PHY-3002 : Step(7): len = 597.4, overlap = 0
PHY-3002 : Step(8): len = 597.4, overlap = 0
PHY-3001 : Run with size of 2
PHY-3001 : Cell area utilization is 0%, beta_incr = 0.999939
PHY-3001 : :::0::: Try harder cell spreading with beta_ = 0
PHY-3002 : Step(9): len = 597.4, overlap = 0
PHY-3002 : Step(10): len = 597.4, overlap = 0
PHY-3001 : Legalization ...
PHY-3001 : End legalization;  0.005760s wall, 0.000000s user + 0.000000s system = 0.000000s CPU (n/a%)

PHY-3001 : Run with size of 2
PHY-3001 : Cell area utilization is 0%, beta_incr = 0.999939
PHY-3001 : :::0::: Try harder cell spreading with beta_ = 0
PHY-3002 : Step(11): len = 597.4, overlap = 0
PHY-3002 : Step(12): len = 597.4, overlap = 0
PHY-3002 : Step(13): len = 597.4, overlap = 0
PHY-3001 : Legalization ...
PHY-3001 : End legalization;  0.004387s wall, 0.000000s user + 0.000000s system = 0.000000s CPU (n/a%)

PHY-3001 : Legalized: Len = 597.4, Over = 0
PHY-3001 : Final: Len = 597.4, Over = 0
PHY-3001 : Improving timing with driver duplication.
RUN-1001 : Generating global routing grids ...
PHY-1001 : Generate routing nets ...
PHY-1001 : Global iterations in 12 thread ...
PHY-1002 : len = 616, over cnt = 0(0%), over = 0, worst = 0
PHY-1001 : End global iterations;  0.008819s wall, 0.015625s user + 0.000000s system = 0.015625s CPU (177.2%)

RUN-1002 : start command "route"
RUN-1001 : Open license file C:/Anlogic/TD4.6.4/license/Anlogic.lic
PHY-1001 : Pin misalignment score is improved from 0 to 0
PHY-1001 : Route runs in 12 thread(s)
RUN-1001 : There are total 5 instances
RUN-1001 : 0 mslices, 1 lslices, 3 pads, 0 brams, 0 dsps
RUN-1001 : There are total 5 nets
RUN-1001 : 4 nets have 2 pins
RUN-1001 : 1 nets have [3 - 5] pins
PHY-1001 : Start global routing ...
RUN-1001 : Generating global routing grids ...
PHY-1001 : Generate routing nets ...
PHY-1001 : Global iterations in 12 thread ...
PHY-1002 : len = 616, over cnt = 0(0%), over = 0, worst = 0
PHY-1001 : End global iterations;  0.008921s wall, 0.000000s user + 0.000000s system = 0.000000s CPU (n/a%)

PHY-1001 : End global routing;  0.061036s wall, 0.046875s user + 0.000000s system = 0.046875s CPU (76.8%)

PHY-1001 : Start detail routing ...
PHY-1001 : Generate detailed routing grids ...
PHY-1001 : Generate nets ...
PHY-1001 : Detail Route ...
PHY-1001 : ===== Detail Route Phase 1 =====
PHY-1001 : Routed 0% nets.
PHY-1002 : len = 0, over cnt = 0(0%), over = 0, worst = 0
PHY-1001 : End Routed; 0.000010s wall, 0.000000s user + 0.000000s system = 0.000000s CPU (n/a%)

PHY-1001 : ===== Detail Route Phase 2 =====
PHY-1001 : Routed 0% nets.
PHY-1002 : len = 0, over cnt = 0(0%), over = 0, worst = 0
PHY-1001 : End Routed; 0.000014s wall, 0.000000s user + 0.000000s system = 0.000000s CPU (n/a%)

PHY-1001 : ===== Detail Route Phase 3 =====
PHY-1001 : Routed 20% nets.
PHY-1001 : Routed 40% nets.
PHY-1002 : len = 600, over cnt = 0(0%), over = 0, worst = 0
PHY-1003 : Routed, final wirelength = 600
PHY-1001 : End Routed; 0.042503s wall, 0.031250s user + 0.000000s system = 0.031250s CPU (73.5%)

PHY-1001 : 0 feed throughs used by 0 nets
PHY-1001 : Generate detailed routing grids ...
PHY-1001 : Generate nets ...
PHY-1001 : eco open net = 0
PHY-1001 : End detail routing;  4.793445s wall, 4.531250s user + 0.234375s system = 4.765625s CPU (99.4%)

PHY-1001 : Routing violations:
PHY-1001 : End of Routing Violations.
RUN-1003 : finish command "route" in  4.931335s wall, 4.640625s user + 0.265625s system = 4.906250s CPU (99.5%)

RUN-1004 : used memory is 237 MB, reserved memory is 214 MB, peak memory is 774 MB
RUN-1002 : start command "report_area -io_info -file synthesizer_phy.area"
RUN-1001 : standard
***Report Model: top***

IO Statistics
#IO                     3
  #input                1
  #output               1
  #inout                1

Utilization Statistics
#lut                    1   out of  19600    0.01%
#reg                    0   out of  19600    0.00%
#le                     1
  #lut only             1   out of      1  100.00%
  #reg only             0   out of      1    0.00%
  #lut&reg              0   out of      1    0.00%
#dsp                    0   out of     29    0.00%
#bram                   0   out of     64    0.00%
  #bram9k               0
  #fifo9k               0
#bram32k                0   out of     16    0.00%
#pad                    2   out of    188    1.06%
  #ireg                 0
  #oreg                 0
  #treg                 0
#pll                    0   out of      4    0.00%

RUN-1001 : 

RUN-1002 : start command "export_db synthesizer_pr.db"
RUN-1001 : Exported /
RUN-1001 : Exported libs
RUN-1001 : Exported entities
RUN-1001 : Exported ports
RUN-1001 : Exported pins
RUN-1001 : Exported instances
RUN-1001 : Exported nets
RUN-1001 : Exported buses
RUN-1001 : Exported models
RUN-1001 : Exported congestions
RUN-1001 : Exported violations
RUN-1001 : Exported IO constraints
RUN-1001 : Exported Inst constraints
RUN-1001 : Exported flow parameters
RUN-1002 : start command "bitgen -bit synthesizer.bit -version 0X00 -g ucode:00000000000000000000000000000000"
BIT-1003 : Start to generate bitstream. 
BIT-1002 : Init instances completely, inst num: 5
BIT-1002 : Init pips completely, net num: 5, pip num: 22
BIT-1003 : Multithreading accelaration with 12 threads.
BIT-1003 : Generate bitstream completely, there are 30 valid insts, and 81 bits set as '1'.
BIT-1004 : PLL setting string = 0000
BIT-1004 : Generate bits file synthesizer.bit.
HDL-1007 : analyze verilog file top.v
HDL-1007 : analyze verilog file osc.v
RUN-1002 : start command "elaborate -top top"
HDL-1007 : elaborate module top in C:/Users/MxD/synthesizer/top.v(1)
HDL-1007 : elaborate module osc in osc.v(1)
HDL-1200 : Current top model is top
HDL-1100 : Inferred 0 RAMs.
RUN-1002 : start command "read_adc top.adc"
RUN-1002 : start command "set_pin_assignment  cap   LOCATION = C16; PULLTYPE = NONE; "
RUN-1002 : start command "set_pin_assignment  res   LOCATION = E16; PULLTYPE = NONE; "
RUN-1002 : start command "set_pin_assignment  vib   LOCATION = F16; "
RUN-1002 : start command "optimize_rtl"
RUN-1001 : Open license file C:/Anlogic/TD4.6.4/license/Anlogic.lic
SYN-1012 : SanityCheck: Model "top"
SYN-1012 : SanityCheck: Model "osc"
SYN-1011 : Flatten model top
SYN-1011 : Flatten model osc
SYN-1014 : Optimize round 1
SYN-1032 : 2/0 useful/useless nets, 1/0 useful/useless insts
SYN-1019 : Optimized 0 mux instances.
SYN-1015 : Optimize round 1, 0 better
RUN-1002 : start command "report_area -file synthesizer_rtl.area"
RUN-1001 : standard
***Report Model: top***

IO Statistics
#IO                     3
  #input                1
  #output               1
  #inout                1

Gate Statistics
#Basic gates            1
  #and                  0
  #nand                 0
  #or                   0
  #nor                  0
  #xor                  0
  #xnor                 0
  #buf                  0
  #not                  1
  #bufif1               0
  #MX21                 0
  #FADD                 0
  #DFF                  0
  #LATCH                0

RUN-1001 : 
Report Hierarchy Area:
+-----------------------------------------+
|Instance |Module |gates  |seq    |macros |
+-----------------------------------------+
|top      |top    |1      |0      |0      |
+-----------------------------------------+

RUN-1002 : start command "export_db synthesizer_rtl.db"
RUN-1001 : Exported /
RUN-1001 : Exported libs
RUN-1001 : Exported entities
RUN-1001 : Exported ports
RUN-1001 : Exported pins
RUN-1001 : Exported instances
RUN-1001 : Exported nets
RUN-1001 : Exported buses
RUN-1001 : Exported models
RUN-1001 : Exported congestions
RUN-1001 : Exported violations
RUN-1001 : Exported IO constraints
RUN-1001 : Exported Inst constraints
RUN-1001 : Exported flow parameters
RUN-1002 : start command "optimize_gate -packarea synthesizer_gate.area"
RUN-1001 : Open license file C:/Anlogic/TD4.6.4/license/Anlogic.lic
SYN-2001 : Map 3 IOs to PADs
SYN-2501 : Processed 0 LOGIC_BUF instances.
SYN-2571 : Optimize after map_dsp, round 1
SYN-1032 : 5/2 useful/useless nets, 5/2 useful/useless insts
SYN-2571 : Optimize after map_dsp, round 1, 0 better
SYN-2501 : Optimize round 1
SYN-1032 : 5/2 useful/useless nets, 5/2 useful/useless insts
SYN-2501 : Optimize round 1, 0 better
SYN-1032 : 5/2 useful/useless nets, 5/2 useful/useless insts
SYN-3001 : Running gate level optimization.
SYN-2581 : Mapping with K=0, #lut = 0 (0.00), #lev = 0 (0.00)
SYN-2551 : Post LUT mapping optimization.
SYN-3001 : Logic optimization runtime opt =   0.00 sec, map =   0.00 sec
SYN-3001 : Mapper mapped 1 instances into 1 LUTs, name keeping = 100%.
SYN-1001 : Packing model "top" ...
SYN-4010 : Pack lib has 42 rtl pack models with 15 top pack blocks
SYN-1014 : Optimize round 1
SYN-1032 : 5/0 useful/useless nets, 5/0 useful/useless insts
SYN-1015 : Optimize round 1, 0 better
SYN-4002 : Packing 0 DFF/LATCH to SEQ ...
SYN-4009 : Pack 0 carry chain into lslice
SYN-4007 : Packing 0 adder to BLE ...
SYN-4008 : Packed 0 adder and 0 SEQ to BLE.
SYN-4007 : Packing 0 gate4 to BLE ...
SYN-4008 : Packed 0 gate4 and 0 SEQ to BLE.
SYN-4012 : Packed 0 FxMUX
SYN-4007 : Packing 0 MUX to BLE ...
SYN-4008 : Packed 0 MUX and 0 SEQ to BLE.
SYN-4007 : Packing 1 LUT to BLE ...
SYN-4008 : Packed 1 LUT and 0 SEQ to BLE.
SYN-4003 : Packing 0 remaining SEQ's ...
SYN-4004 : #0: Packed 0 SEQ (0 nodes)...
SYN-4005 : Packed 0 SEQ with LUT/SLICE
SYN-4006 : 1 single LUT's are left
SYN-4006 : 0 single SEQ's are left
SYN-4011 : Packing model "top" (AL_USER_NORMAL) with 1/5 primitive instances ...
RUN-1002 : start command "report_area -file synthesizer_gate.area"
RUN-1001 : standard
***Report Model: top***

IO Statistics
#IO                     3
  #input                1
  #output               1
  #inout                1

Utilization Statistics
#lut                    1   out of  19600    0.01%
#reg                    0   out of  19600    0.00%
#le                     1
  #lut only             1   out of      1  100.00%
  #reg only             0   out of      1    0.00%
  #lut&reg              0   out of      1    0.00%
#dsp                    0   out of     29    0.00%
#bram                   0   out of     64    0.00%
  #bram9k               0
  #fifo9k               0
#bram32k                0   out of     16    0.00%
#pad                    3   out of    188    1.60%
  #ireg                 0
  #oreg                 0
  #treg                 0
#pll                    0   out of      4    0.00%

RUN-1001 : 
Report Hierarchy Area:
+--------------------------------------+
|Instance |Module |le    |lut   |seq   |
+--------------------------------------+
|top      |top    |1     |1     |0     |
+--------------------------------------+

RUN-1002 : start command "legalize_phy_inst"
SYN-1011 : Flatten model top
RUN-1002 : start command "export_db synthesizer_gate.db"
RUN-1001 : Exported /
RUN-1001 : Exported libs
RUN-1001 : Exported entities
RUN-1001 : Exported ports
RUN-1001 : Exported pins
RUN-1001 : Exported instances
RUN-1001 : Exported nets
RUN-1001 : Exported buses
RUN-1001 : Exported models
RUN-1001 : Exported congestions
RUN-1001 : Exported violations
RUN-1001 : Exported IO constraints
RUN-1001 : Exported Inst constraints
RUN-1001 : Exported flow parameters
RUN-1002 : start command "place"
RUN-1001 : Open license file C:/Anlogic/TD4.6.4/license/Anlogic.lic
PHY-3001 : Placer runs in 12 thread(s).
SYN-4026 : Tagged 0 rtl::Net as clock net
PHY-1001 : Populate physical database.
RUN-1001 : There are total 5 instances
RUN-1001 : 0 mslices, 1 lslices, 3 pads, 0 brams, 0 dsps
RUN-1001 : There are total 5 nets
RUN-1001 : 4 nets have 2 pins
RUN-1001 : 1 nets have [3 - 5] pins
PHY-3001 : Initial placement ...
PHY-3001 : design contains 5 instances, 1 slices, 0 macros(0 instances)
PHY-3001 : Start timing update ...
RUN-1002 : start command "start_timer"
TMR-5001 WARNING: No sdc constraints found while initiating timer.
TMR-2505 : Start building timing graph for model top.
TMR-2506 : Build timing graph completely. Port num: 3, tpin num: 11, tnet num: 5, tinst num: 5, tnode num: 13, tedge num: 11.
TMR-2507 : Eliminate loop in the timing graph, delete 0 tedges.
TMR-2508 : Levelizing timing graph completed, there are 9 levels in total.
TMR-2501 : Timing graph initialized successfully.
TMR-2503 : Start to update net delay, extr mode = 2.
TMR-2504 : Update delay of 5 nets completely.
TMR-2502 : Annotate delay completely, extr mode = 2.
TMR-3002 : No user constraint, initiate default constraint.
TMR-1501 : Assign derive clock DeriveClock to 0 clock pins, and constraint 0 relative nodes.
TMR-3005 : Start mapping report constraints, there are 0 constraints in total.
TMR-3003 : Constraints initiated successfully.
TMR-3501 : Forward propagation: start to calculate arrival time...
TMR-3502 : Backward propagation: start to calculate required time...
TMR-3503 : Timing propagation completes.
PHY-3001 : End timing update;  0.001033s wall, 0.000000s user + 0.000000s system = 0.000000s CPU (n/a%)

PHY-3001 : Global placement ...
PHY-3001 : Initial: Len = 177.4
PHY-3001 : Run with size of 4
PHY-3001 : Cell area utilization is 0%, beta_incr = 0.999939
PHY-3001 : :::0::: Try harder cell spreading with beta_ = 0
PHY-3002 : Step(14): len = 176.7, overlap = 0
PHY-3002 : Step(15): len = 176.7, overlap = 0
PHY-3002 : Step(16): len = 176.7, overlap = 0
PHY-3001 : Legalization ...
PHY-3001 : End legalization;  0.003705s wall, 0.015625s user + 0.000000s system = 0.015625s CPU (421.7%)

PHY-3001 : Run with size of 4
PHY-3001 : Cell area utilization is 0%, beta_incr = 0.999939
PHY-3001 : :::0::: Try harder cell spreading with beta_ = 0.0338542
PHY-3002 : Step(17): len = 177.3, overlap = 0
PHY-3002 : Step(18): len = 177.3, overlap = 0
PHY-3001 : Run with size of 2
PHY-3001 : Cell area utilization is 0%, beta_incr = 0.999939
PHY-3001 : :::0::: Try harder cell spreading with beta_ = 0
PHY-3002 : Step(19): len = 177.3, overlap = 0
PHY-3002 : Step(20): len = 177.3, overlap = 0
PHY-3001 : Legalization ...
PHY-3001 : End legalization;  0.006275s wall, 0.031250s user + 0.000000s system = 0.031250s CPU (498.0%)

PHY-3001 : Run with size of 2
PHY-3001 : Cell area utilization is 0%, beta_incr = 0.999939
PHY-3001 : :::0::: Try harder cell spreading with beta_ = 0
PHY-3002 : Step(21): len = 177.2, overlap = 0
PHY-3002 : Step(22): len = 177.2, overlap = 0
PHY-3002 : Step(23): len = 177.2, overlap = 0
PHY-3001 : Legalization ...
PHY-3001 : End legalization;  0.004355s wall, 0.000000s user + 0.000000s system = 0.000000s CPU (n/a%)

PHY-3001 : Legalized: Len = 188.4, Over = 0
PHY-3001 : Final: Len = 188.4, Over = 0
PHY-3001 : Improving timing with driver duplication.
RUN-1001 : Generating global routing grids ...
PHY-1001 : Generate routing nets ...
PHY-1001 : Global iterations in 12 thread ...
PHY-1002 : len = 176, over cnt = 0(0%), over = 0, worst = 0
PHY-1001 : End global iterations;  0.009142s wall, 0.000000s user + 0.000000s system = 0.000000s CPU (n/a%)

RUN-1002 : start command "route"
RUN-1001 : Open license file C:/Anlogic/TD4.6.4/license/Anlogic.lic
PHY-1001 : Pin misalignment score is improved from 0 to 0
PHY-1001 : Route runs in 12 thread(s)
RUN-1001 : There are total 5 instances
RUN-1001 : 0 mslices, 1 lslices, 3 pads, 0 brams, 0 dsps
RUN-1001 : There are total 5 nets
RUN-1001 : 4 nets have 2 pins
RUN-1001 : 1 nets have [3 - 5] pins
PHY-1001 : Start global routing ...
RUN-1001 : Generating global routing grids ...
PHY-1001 : Generate routing nets ...
PHY-1001 : Global iterations in 12 thread ...
PHY-1002 : len = 176, over cnt = 0(0%), over = 0, worst = 0
PHY-1001 : End global iterations;  0.008262s wall, 0.015625s user + 0.000000s system = 0.015625s CPU (189.1%)

PHY-1001 : End global routing;  0.064472s wall, 0.062500s user + 0.000000s system = 0.062500s CPU (96.9%)

PHY-1001 : Start detail routing ...
PHY-1001 : Generate detailed routing grids ...
PHY-1001 : Generate nets ...
PHY-1001 : Detail Route ...
PHY-1001 : ===== Detail Route Phase 1 =====
PHY-1001 : Routed 0% nets.
PHY-1002 : len = 0, over cnt = 0(0%), over = 0, worst = 0
PHY-1001 : End Routed; 0.000007s wall, 0.000000s user + 0.000000s system = 0.000000s CPU (n/a%)

PHY-1001 : ===== Detail Route Phase 2 =====
PHY-1001 : Routed 0% nets.
PHY-1002 : len = 0, over cnt = 0(0%), over = 0, worst = 0
PHY-1001 : End Routed; 0.000011s wall, 0.000000s user + 0.000000s system = 0.000000s CPU (n/a%)

PHY-1001 : ===== Detail Route Phase 3 =====
PHY-1001 : Routed 40% nets.
PHY-1002 : len = 224, over cnt = 0(0%), over = 0, worst = 0
PHY-1003 : Routed, final wirelength = 224
PHY-1001 : End Routed; 0.004024s wall, 0.000000s user + 0.000000s system = 0.000000s CPU (n/a%)

PHY-1001 : 0 feed throughs used by 0 nets
PHY-1001 : Generate detailed routing grids ...
PHY-1001 : Generate nets ...
PHY-1001 : eco open net = 0
PHY-1001 : End detail routing;  1.141196s wall, 1.000000s user + 0.171875s system = 1.171875s CPU (102.7%)

PHY-1001 : Routing violations:
PHY-1001 : End of Routing Violations.
RUN-1003 : finish command "route" in  1.281131s wall, 1.156250s user + 0.171875s system = 1.328125s CPU (103.7%)

RUN-1004 : used memory is 275 MB, reserved memory is 236 MB, peak memory is 811 MB
RUN-1002 : start command "report_area -io_info -file synthesizer_phy.area"
RUN-1001 : standard
***Report Model: top***

IO Statistics
#IO                     3
  #input                1
  #output               1
  #inout                1

Utilization Statistics
#lut                    1   out of  19600    0.01%
#reg                    0   out of  19600    0.00%
#le                     1
  #lut only             1   out of      1  100.00%
  #reg only             0   out of      1    0.00%
  #lut&reg              0   out of      1    0.00%
#dsp                    0   out of     29    0.00%
#bram                   0   out of     64    0.00%
  #bram9k               0
  #fifo9k               0
#bram32k                0   out of     16    0.00%
#pad                    3   out of    188    1.60%
  #ireg                 0
  #oreg                 0
  #treg                 0
#pll                    0   out of      4    0.00%

RUN-1001 : 

RUN-1002 : start command "export_db synthesizer_pr.db"
RUN-1001 : Exported /
RUN-1001 : Exported libs
RUN-1001 : Exported entities
RUN-1001 : Exported ports
RUN-1001 : Exported pins
RUN-1001 : Exported instances
RUN-1001 : Exported nets
RUN-1001 : Exported buses
RUN-1001 : Exported models
RUN-1001 : Exported congestions
RUN-1001 : Exported violations
RUN-1001 : Exported IO constraints
RUN-1001 : Exported Inst constraints
RUN-1001 : Exported flow parameters
RUN-1002 : start command "bitgen -bit synthesizer.bit -version 0X00 -g ucode:00000000000000000000000000000000"
BIT-1003 : Start to generate bitstream. 
BIT-1002 : Init instances completely, inst num: 5
BIT-1002 : Init pips completely, net num: 5, pip num: 13
BIT-1003 : Multithreading accelaration with 12 threads.
BIT-1003 : Generate bitstream completely, there are 23 valid insts, and 65 bits set as '1'.
BIT-1004 : PLL setting string = 0000
BIT-1004 : Generate bits file synthesizer.bit.
RUN-1002 : start command "download -bit synthesizer.bit -mode program_spi -v -spd 6 -sec 64 -cable 0"
PRG-2014 : Chip validation success: EAGLE_S20_BG256
RUN-1002 : start command "bit_to_vec -chip EAGLE_S20_BG256 -m program_spi -bit synthesizer.bit"
RUN-1003 : finish command "bit_to_vec -chip EAGLE_S20_BG256 -m program_spi -bit synthesizer.bit" in  1.849168s wall, 1.812500s user + 0.031250s system = 1.843750s CPU (99.7%)

RUN-1004 : used memory is 640 MB, reserved memory is 608 MB, peak memory is 811 MB
RUN-1002 : start command "program_spi -cable 0 -spd 6"
RUN-1003 : finish command "program_spi -cable 0 -spd 6" in  92.627334s wall, 0.781250s user + 0.671875s system = 1.453125s CPU (1.6%)

RUN-1004 : used memory is 648 MB, reserved memory is 616 MB, peak memory is 811 MB
RUN-1002 : start command "bit_to_vec -chip EAGLE_S20_BG256 -m verify_spi -bit synthesizer.bit"
RUN-1002 : start command "program -cable 0 -spd 4"
RUN-1003 : finish command "program -cable 0 -spd 4" in  24.804897s wall, 0.093750s user + 0.140625s system = 0.234375s CPU (0.9%)

RUN-1004 : used memory is 452 MB, reserved memory is 414 MB, peak memory is 811 MB
RUN-1002 : start command "program -cable 0 -spd 1"
RUN-1003 : finish command "download -bit synthesizer.bit -mode program_spi -v -spd 6 -sec 64 -cable 0" in  121.977721s wall, 3.421875s user + 0.937500s system = 4.359375s CPU (3.6%)

RUN-1004 : used memory is 312 MB, reserved memory is 265 MB, peak memory is 811 MB
GUI-1001 : Download success!
RUN-1002 : start command "download -bit synthesizer.bit -mode jtag -spd 6 -sec 64 -cable 0"
PRG-2014 : Chip validation success: EAGLE_S20_BG256
RUN-1002 : start command "bit_to_vec -chip EAGLE_S20_BG256 -m jtag -bit synthesizer.bit"
PRG-3000 : BIT2VEC::JtagBitstream: completed! line_num = 1334, frame_num = 1259
RUN-1003 : finish command "bit_to_vec -chip EAGLE_S20_BG256 -m jtag -bit synthesizer.bit" in  1.116334s wall, 1.046875s user + 0.062500s system = 1.109375s CPU (99.4%)

RUN-1004 : used memory is 422 MB, reserved memory is 377 MB, peak memory is 811 MB
RUN-1002 : start command "program -cable 0 -spd 6 -p"
RUN-1003 : finish command "program -cable 0 -spd 6 -p" in  6.371140s wall, 0.015625s user + 0.015625s system = 0.031250s CPU (0.5%)

RUN-1004 : used memory is 448 MB, reserved memory is 405 MB, peak memory is 811 MB
RUN-1003 : finish command "download -bit synthesizer.bit -mode jtag -spd 6 -sec 64 -cable 0" in  8.051994s wall, 1.187500s user + 0.109375s system = 1.296875s CPU (16.1%)

RUN-1004 : used memory is 307 MB, reserved memory is 263 MB, peak memory is 811 MB
GUI-1001 : Download success!
RUN-1002 : start command "download -bit synthesizer.bit -mode jtag -spd 6 -sec 64 -cable 0"
PRG-2014 : Chip validation success: EAGLE_S20_BG256
RUN-1002 : start command "bit_to_vec -chip EAGLE_S20_BG256 -m jtag -bit synthesizer.bit"
PRG-3000 : BIT2VEC::JtagBitstream: completed! line_num = 1334, frame_num = 1259
RUN-1003 : finish command "bit_to_vec -chip EAGLE_S20_BG256 -m jtag -bit synthesizer.bit" in  1.073138s wall, 1.062500s user + 0.015625s system = 1.078125s CPU (100.5%)

RUN-1004 : used memory is 423 MB, reserved memory is 378 MB, peak memory is 811 MB
RUN-1002 : start command "program -cable 0 -spd 6 -p"
RUN-1003 : finish command "program -cable 0 -spd 6 -p" in  6.371648s wall, 0.000000s user + 0.000000s system = 0.000000s CPU (n/a%)

RUN-1004 : used memory is 450 MB, reserved memory is 406 MB, peak memory is 811 MB
RUN-1003 : finish command "download -bit synthesizer.bit -mode jtag -spd 6 -sec 64 -cable 0" in  8.007955s wall, 1.203125s user + 0.015625s system = 1.218750s CPU (15.2%)

RUN-1004 : used memory is 309 MB, reserved memory is 264 MB, peak memory is 811 MB
GUI-1001 : Download success!
RUN-1002 : start command "download -bit synthesizer.bit -mode jtag -spd 6 -sec 64 -cable 0"
PRG-2014 : Chip validation success: EAGLE_S20_BG256
RUN-1002 : start command "bit_to_vec -chip EAGLE_S20_BG256 -m jtag -bit synthesizer.bit"
PRG-3000 : BIT2VEC::JtagBitstream: completed! line_num = 1334, frame_num = 1259
RUN-1003 : finish command "bit_to_vec -chip EAGLE_S20_BG256 -m jtag -bit synthesizer.bit" in  1.072993s wall, 1.062500s user + 0.031250s system = 1.093750s CPU (101.9%)

RUN-1004 : used memory is 423 MB, reserved memory is 378 MB, peak memory is 811 MB
RUN-1002 : start command "program -cable 0 -spd 6 -p"
RUN-1003 : finish command "program -cable 0 -spd 6 -p" in  6.372551s wall, 0.000000s user + 0.046875s system = 0.046875s CPU (0.7%)

RUN-1004 : used memory is 450 MB, reserved memory is 407 MB, peak memory is 811 MB
RUN-1003 : finish command "download -bit synthesizer.bit -mode jtag -spd 6 -sec 64 -cable 0" in  8.006593s wall, 1.140625s user + 0.109375s system = 1.250000s CPU (15.6%)

RUN-1004 : used memory is 310 MB, reserved memory is 265 MB, peak memory is 811 MB
GUI-1001 : Download success!
RUN-1002 : start command "download -bit synthesizer.bit -mode program_spi -v -spd 6 -sec 64 -cable 0"
PRG-2014 : Chip validation success: EAGLE_S20_BG256
RUN-1002 : start command "bit_to_vec -chip EAGLE_S20_BG256 -m program_spi -bit synthesizer.bit"
RUN-1003 : finish command "bit_to_vec -chip EAGLE_S20_BG256 -m program_spi -bit synthesizer.bit" in  1.868370s wall, 1.734375s user + 0.125000s system = 1.859375s CPU (99.5%)

RUN-1004 : used memory is 646 MB, reserved memory is 617 MB, peak memory is 811 MB
RUN-1002 : start command "program_spi -cable 0 -spd 6"
RUN-1003 : finish command "program_spi -cable 0 -spd 6" in  92.621467s wall, 0.468750s user + 0.453125s system = 0.921875s CPU (1.0%)

RUN-1004 : used memory is 648 MB, reserved memory is 619 MB, peak memory is 811 MB
RUN-1002 : start command "bit_to_vec -chip EAGLE_S20_BG256 -m verify_spi -bit synthesizer.bit"
RUN-1002 : start command "program -cable 0 -spd 4"
RUN-1003 : finish command "program -cable 0 -spd 4" in  24.801083s wall, 0.015625s user + 0.125000s system = 0.140625s CPU (0.6%)

RUN-1004 : used memory is 450 MB, reserved memory is 413 MB, peak memory is 811 MB
RUN-1002 : start command "program -cable 0 -spd 1"
RUN-1003 : finish command "download -bit synthesizer.bit -mode program_spi -v -spd 6 -sec 64 -cable 0" in  121.931502s wall, 3.015625s user + 0.796875s system = 3.812500s CPU (3.1%)

RUN-1004 : used memory is 314 MB, reserved memory is 267 MB, peak memory is 811 MB
GUI-1001 : Download success!
