============================================================
   Tang Dynasty, V4.6.18154
   Copyright:   Shanghai Anlogic Infotech Co., Ltd.
                2011 - 2021
   Executable = C:/Anlogic/TD4.6.4/bin/td.exe
   Built at =   16:39:36 Mar 27 2020
   Run by =     MxD
   Run Date =   Thu Dec  1 19:38:42 2022

   Run on =     DESKTOP-6NPNTAP
============================================================
RUN-1002 : start command "open_project synthesizer.al"
HDL-1007 : analyze verilog file top.v
HDL-1007 : analyze verilog file osc.v
HDL-1007 : analyze verilog file dfilter.v
RUN-1002 : start command "import_device eagle_s20.db -package BG256"
ARC-1001 : Device Initialization.
ARC-1001 : ------------------------------------------------------------------
ARC-1001 :            OPTION            |          IO          |   SETTING   
ARC-1001 : ------------------------------------------------------------------
ARC-1001 :   cso_b/cclk/mosi/miso/dout  |  T3/R11/T10/P10/S11  |    gpio    
ARC-1001 :             done             |         P13          |    gpio    
ARC-1001 :           program_b          |          T2          |  dedicated  
ARC-1001 :        tdi/tms/tck/tdo       |   C12/A15/C14/E14    |  dedicated  
ARC-1001 : ------------------------------------------------------------------
ARC-1004 : Device setting, marked 5 dedicate IOs in total.
RUN-1002 : start command "import_db synthesizer_pr.db"
RUN-1001 : Importing database generated by Tang Dynasty, V4.6.18154.
RUN-1001 : Database version number 46116.
RUN-1001 : Import IO constraints
RUN-1001 : Import Inst constraints
RUN-1001 : Import flow parameters
